<?xml version="1.0" encoding="UTF-8"?>
<!-- Generated by org.testng.reporters.JUnitReportReporter -->
<testsuite hostname="DESKTOP-5OULTSJ" failures="0" tests="1" name="appwrk.BrokenLinksTest" time="461.860" errors="0" timestamp="30 Mar 2022 13:03:55 GMT" skipped="0">
  <testcase classname="appwrk.BrokenLinksTest" name="test1" time="461.860"/>
</testsuite> <!-- appwrk.BrokenLinksTest -->
